五月 19, 2017 6:12:47 下午 org.apache.catalina.core.AprLifecycleListener init
信息: The APR based Apache Tomcat Native library which allows optimal performance in production environments was not found on the java.library.path: C:\Program Files (x86)\Java\jdk1.7.0_02\bin;C:\WINDOWS\Sun\Java\bin;C:\WINDOWS\system32;C:\WINDOWS;C:\ProgramData\Oracle\Java\javapath;C:\Program Files (x86)\Lenovo\FusionEngine;C:\Windows\system32;C:\Windows;C:\Windows\System32\Wbem;C:\Windows\System32\WindowsPowerShell\v1.0\;C:\Program Files (x86)\NVIDIA Corporation\PhysX\Common;C:\Program Files\Intel\WiFi\bin\;C:\Program Files\Common Files\Intel\WirelessCommon\;C:\WINDOWS\system32;C:\WINDOWS;C:\WINDOWS\System32\Wbem;C:\WINDOWS\System32\WindowsPowerShell\v1.0\;C:\Program Files (x86)\Java\jdk1.7.0_02\bin;C:\Program Files (x86)\Subversion\bin;C:\Program Files\TortoiseSVN\bin;D:\apache-maven-3.2.5\bin;D:\gradle-3.1-bin\gradle-3.1\bin;D:\nodejs\;D:\Git\cmd;C:\Users\zhangyy\AppData\Local\Programs\Python\Python35\Scripts\;C:\Users\zhangyy\AppData\Local\Programs\Python\Python35\;C:\Users\zhangyy\AppData\Local\Microsoft\WindowsApps;C:\Users\zhangyy\AppData\Roaming\npm;.
五月 19, 2017 6:12:47 下午 org.apache.coyote.http11.Http11Protocol init
信息: Initializing Coyote HTTP/1.1 on http-18080
五月 19, 2017 6:12:47 下午 org.apache.catalina.startup.Catalina load
信息: Initialization processed in 501 ms
五月 19, 2017 6:12:47 下午 org.apache.catalina.core.StandardService start
信息: Starting service Catalina
五月 19, 2017 6:12:47 下午 org.apache.catalina.core.StandardEngine start
信息: Starting Servlet Engine: Apache Tomcat/6.0.43
五月 19, 2017 6:12:47 下午 org.apache.catalina.startup.HostConfig deployDirectory
信息: Deploying web application directory docs
五月 19, 2017 6:12:48 下午 de.javakaffee.web.msm.MemcachedSessionService startInternal
信息: MemcachedSessionService starts initialization... (configured nodes definition n1:127.0.0.1:12345, failover nodes null)
五月 19, 2017 6:12:48 下午 de.javakaffee.web.msm.SessionTrackerValve <init>
信息: Setting ignorePattern to .*/.(png|gif|jpg|css|js)$
五月 19, 2017 6:12:48 下午 de.javakaffee.web.msm.MemcachedSessionService setLockingMode
信息: Setting lockingMode to null
五月 19, 2017 6:12:48 下午 de.javakaffee.web.msm.MemcachedSessionService createTranscoderFactory
信息: Creating transcoder factory de.javakaffee.web.msm.serializer.javolution.JavolutionTranscoderFactory
五月 19, 2017 6:12:48 下午 de.javakaffee.web.msm.MemcachedSessionService startInternal
信息: MemcachedSessionService finished initialization, sticky true, with node ids [n1] and failover node ids []
五月 19, 2017 6:12:48 下午 org.apache.catalina.startup.HostConfig deployDirectory
信息: Deploying web application directory examples
五月 19, 2017 6:12:48 下午 de.javakaffee.web.msm.MemcachedSessionService startInternal
信息: MemcachedSessionService starts initialization... (configured nodes definition n1:127.0.0.1:12345, failover nodes null)
五月 19, 2017 6:12:48 下午 de.javakaffee.web.msm.SessionTrackerValve <init>
信息: Setting ignorePattern to .*/.(png|gif|jpg|css|js)$
五月 19, 2017 6:12:48 下午 de.javakaffee.web.msm.MemcachedSessionService setLockingMode
信息: Setting lockingMode to null
五月 19, 2017 6:12:48 下午 de.javakaffee.web.msm.MemcachedSessionService createTranscoderFactory
信息: Creating transcoder factory de.javakaffee.web.msm.serializer.javolution.JavolutionTranscoderFactory
五月 19, 2017 6:12:48 下午 de.javakaffee.web.msm.MemcachedSessionService startInternal
信息: MemcachedSessionService finished initialization, sticky true, with node ids [n1] and failover node ids []
五月 19, 2017 6:12:48 下午 org.apache.catalina.startup.HostConfig deployDirectory
信息: Deploying web application directory host-manager
五月 19, 2017 6:12:48 下午 de.javakaffee.web.msm.MemcachedSessionService startInternal
信息: MemcachedSessionService starts initialization... (configured nodes definition n1:127.0.0.1:12345, failover nodes null)
五月 19, 2017 6:12:48 下午 de.javakaffee.web.msm.SessionTrackerValve <init>
信息: Setting ignorePattern to .*/.(png|gif|jpg|css|js)$
五月 19, 2017 6:12:48 下午 de.javakaffee.web.msm.MemcachedSessionService setLockingMode
信息: Setting lockingMode to null
五月 19, 2017 6:12:48 下午 de.javakaffee.web.msm.MemcachedSessionService createTranscoderFactory
信息: Creating transcoder factory de.javakaffee.web.msm.serializer.javolution.JavolutionTranscoderFactory
五月 19, 2017 6:12:48 下午 de.javakaffee.web.msm.MemcachedSessionService startInternal
信息: MemcachedSessionService finished initialization, sticky true, with node ids [n1] and failover node ids []
五月 19, 2017 6:12:48 下午 org.apache.catalina.startup.HostConfig deployDirectory
信息: Deploying web application directory manager
五月 19, 2017 6:12:48 下午 de.javakaffee.web.msm.MemcachedSessionService startInternal
信息: MemcachedSessionService starts initialization... (configured nodes definition n1:127.0.0.1:12345, failover nodes null)
五月 19, 2017 6:12:48 下午 de.javakaffee.web.msm.SessionTrackerValve <init>
信息: Setting ignorePattern to .*/.(png|gif|jpg|css|js)$
五月 19, 2017 6:12:48 下午 de.javakaffee.web.msm.MemcachedSessionService setLockingMode
信息: Setting lockingMode to null
五月 19, 2017 6:12:48 下午 de.javakaffee.web.msm.MemcachedSessionService createTranscoderFactory
信息: Creating transcoder factory de.javakaffee.web.msm.serializer.javolution.JavolutionTranscoderFactory
五月 19, 2017 6:12:48 下午 de.javakaffee.web.msm.MemcachedSessionService startInternal
信息: MemcachedSessionService finished initialization, sticky true, with node ids [n1] and failover node ids []
五月 19, 2017 6:12:48 下午 org.apache.catalina.startup.HostConfig deployDirectory
信息: Deploying web application directory ROOT
五月 19, 2017 6:12:48 下午 de.javakaffee.web.msm.MemcachedSessionService startInternal
信息: MemcachedSessionService starts initialization... (configured nodes definition n1:127.0.0.1:12345, failover nodes null)
五月 19, 2017 6:12:48 下午 de.javakaffee.web.msm.SessionTrackerValve <init>
信息: Setting ignorePattern to .*/.(png|gif|jpg|css|js)$
五月 19, 2017 6:12:48 下午 de.javakaffee.web.msm.MemcachedSessionService setLockingMode
信息: Setting lockingMode to null
五月 19, 2017 6:12:48 下午 de.javakaffee.web.msm.MemcachedSessionService createTranscoderFactory
信息: Creating transcoder factory de.javakaffee.web.msm.serializer.javolution.JavolutionTranscoderFactory
五月 19, 2017 6:12:48 下午 de.javakaffee.web.msm.MemcachedSessionService startInternal
信息: MemcachedSessionService finished initialization, sticky true, with node ids [n1] and failover node ids []
五月 19, 2017 6:12:48 下午 org.apache.catalina.startup.HostConfig deployDirectory
信息: Deploying web application directory testSession
五月 19, 2017 6:12:49 下午 de.javakaffee.web.msm.MemcachedSessionService startInternal
信息: MemcachedSessionService starts initialization... (configured nodes definition n1:127.0.0.1:12345, failover nodes null)
五月 19, 2017 6:12:49 下午 de.javakaffee.web.msm.SessionTrackerValve <init>
信息: Setting ignorePattern to .*/.(png|gif|jpg|css|js)$
五月 19, 2017 6:12:49 下午 de.javakaffee.web.msm.MemcachedSessionService setLockingMode
信息: Setting lockingMode to null
五月 19, 2017 6:12:49 下午 de.javakaffee.web.msm.MemcachedSessionService createTranscoderFactory
信息: Creating transcoder factory de.javakaffee.web.msm.serializer.javolution.JavolutionTranscoderFactory
五月 19, 2017 6:12:49 下午 de.javakaffee.web.msm.MemcachedSessionService startInternal
信息: MemcachedSessionService finished initialization, sticky true, with node ids [n1] and failover node ids []
五月 19, 2017 6:12:49 下午 org.apache.coyote.http11.Http11Protocol start
信息: Starting Coyote HTTP/1.1 on http-18080
五月 19, 2017 6:12:49 下午 org.apache.jk.common.ChannelSocket init
信息: JK: ajp13 listening on /0.0.0.0:18009
五月 19, 2017 6:12:49 下午 org.apache.jk.server.JkMain start
信息: Jk running ID=0 time=0/23  config=null
五月 19, 2017 6:12:49 下午 org.apache.catalina.startup.Catalina start
信息: Server startup in 1146 ms
