五月 24, 2017 4:03:43 下午 org.apache.catalina.core.AprLifecycleListener init
信息: Loaded APR based Apache Tomcat Native library 1.1.32 using APR version 1.5.1.
五月 24, 2017 4:03:43 下午 org.apache.catalina.core.AprLifecycleListener init
信息: APR capabilities: IPv6 [true], sendfile [true], accept filters [false], random [true].
五月 24, 2017 4:03:43 下午 org.apache.catalina.core.AprLifecycleListener initializeSSL
信息: OpenSSL successfully initialized with version OpenSSL 1.0.1j 15 Oct 2014
五月 24, 2017 4:03:43 下午 org.apache.coyote.http11.Http11AprProtocol init
信息: Initializing Coyote HTTP/1.1 on http-28080
五月 24, 2017 4:03:43 下午 org.apache.coyote.ajp.AjpAprProtocol init
信息: Initializing Coyote AJP/1.3 on ajp-28009
五月 24, 2017 4:03:43 下午 org.apache.catalina.startup.Catalina load
信息: Initialization processed in 1321 ms
五月 24, 2017 4:03:44 下午 org.apache.catalina.core.StandardService start
信息: Starting service Catalina
五月 24, 2017 4:03:44 下午 org.apache.catalina.core.StandardEngine start
信息: Starting Servlet Engine: Apache Tomcat/6.0.43
五月 24, 2017 4:03:44 下午 org.apache.catalina.startup.HostConfig deployDescriptor
信息: Deploying configuration descriptor host-manager.xml
五月 24, 2017 4:03:44 下午 de.javakaffee.web.msm.MemcachedSessionService startInternal
信息: MemcachedSessionService starts initialization... (configured nodes definition n1:127.0.0.1:11211, failover nodes null)
五月 24, 2017 4:03:44 下午 de.javakaffee.web.msm.SessionTrackerValve <init>
信息: Setting ignorePattern to .*/.(png|gif|jpg|css|js)$
五月 24, 2017 4:03:44 下午 de.javakaffee.web.msm.MemcachedSessionService setLockingMode
信息: Setting lockingMode to null
五月 24, 2017 4:03:44 下午 de.javakaffee.web.msm.MemcachedSessionService createTranscoderFactory
信息: Creating transcoder factory de.javakaffee.web.msm.serializer.javolution.JavolutionTranscoderFactory
五月 24, 2017 4:03:44 下午 de.javakaffee.web.msm.MemcachedSessionService startInternal
信息: MemcachedSessionService finished initialization, sticky true, with node ids [n1] and failover node ids []
五月 24, 2017 4:03:44 下午 org.apache.catalina.startup.HostConfig deployDescriptor
信息: Deploying configuration descriptor manager.xml
五月 24, 2017 4:03:44 下午 de.javakaffee.web.msm.MemcachedSessionService startInternal
信息: MemcachedSessionService starts initialization... (configured nodes definition n1:127.0.0.1:11211, failover nodes null)
五月 24, 2017 4:03:44 下午 de.javakaffee.web.msm.SessionTrackerValve <init>
信息: Setting ignorePattern to .*/.(png|gif|jpg|css|js)$
五月 24, 2017 4:03:44 下午 de.javakaffee.web.msm.MemcachedSessionService setLockingMode
信息: Setting lockingMode to null
五月 24, 2017 4:03:44 下午 de.javakaffee.web.msm.MemcachedSessionService createTranscoderFactory
信息: Creating transcoder factory de.javakaffee.web.msm.serializer.javolution.JavolutionTranscoderFactory
五月 24, 2017 4:03:44 下午 de.javakaffee.web.msm.MemcachedSessionService startInternal
信息: MemcachedSessionService finished initialization, sticky true, with node ids [n1] and failover node ids []
五月 24, 2017 4:03:44 下午 org.apache.catalina.startup.HostConfig deployDirectory
信息: Deploying web application directory docs
五月 24, 2017 4:03:44 下午 de.javakaffee.web.msm.MemcachedSessionService startInternal
信息: MemcachedSessionService starts initialization... (configured nodes definition n1:127.0.0.1:11211, failover nodes null)
五月 24, 2017 4:03:44 下午 de.javakaffee.web.msm.SessionTrackerValve <init>
信息: Setting ignorePattern to .*/.(png|gif|jpg|css|js)$
五月 24, 2017 4:03:44 下午 de.javakaffee.web.msm.MemcachedSessionService setLockingMode
信息: Setting lockingMode to null
五月 24, 2017 4:03:44 下午 de.javakaffee.web.msm.MemcachedSessionService createTranscoderFactory
信息: Creating transcoder factory de.javakaffee.web.msm.serializer.javolution.JavolutionTranscoderFactory
五月 24, 2017 4:03:44 下午 de.javakaffee.web.msm.MemcachedSessionService startInternal
信息: MemcachedSessionService finished initialization, sticky true, with node ids [n1] and failover node ids []
五月 24, 2017 4:03:44 下午 org.apache.catalina.startup.HostConfig deployDirectory
信息: Deploying web application directory examples
五月 24, 2017 4:03:45 下午 de.javakaffee.web.msm.MemcachedSessionService startInternal
信息: MemcachedSessionService starts initialization... (configured nodes definition n1:127.0.0.1:11211, failover nodes null)
五月 24, 2017 4:03:45 下午 de.javakaffee.web.msm.SessionTrackerValve <init>
信息: Setting ignorePattern to .*/.(png|gif|jpg|css|js)$
五月 24, 2017 4:03:45 下午 de.javakaffee.web.msm.MemcachedSessionService setLockingMode
信息: Setting lockingMode to null
五月 24, 2017 4:03:45 下午 de.javakaffee.web.msm.MemcachedSessionService createTranscoderFactory
信息: Creating transcoder factory de.javakaffee.web.msm.serializer.javolution.JavolutionTranscoderFactory
五月 24, 2017 4:03:45 下午 de.javakaffee.web.msm.MemcachedSessionService startInternal
信息: MemcachedSessionService finished initialization, sticky true, with node ids [n1] and failover node ids []
五月 24, 2017 4:03:45 下午 org.apache.catalina.startup.HostConfig deployDirectory
信息: Deploying web application directory ROOT
五月 24, 2017 4:03:45 下午 de.javakaffee.web.msm.MemcachedSessionService startInternal
信息: MemcachedSessionService starts initialization... (configured nodes definition n1:127.0.0.1:11211, failover nodes null)
五月 24, 2017 4:03:45 下午 de.javakaffee.web.msm.SessionTrackerValve <init>
信息: Setting ignorePattern to .*/.(png|gif|jpg|css|js)$
五月 24, 2017 4:03:45 下午 de.javakaffee.web.msm.MemcachedSessionService setLockingMode
信息: Setting lockingMode to null
五月 24, 2017 4:03:45 下午 de.javakaffee.web.msm.MemcachedSessionService createTranscoderFactory
信息: Creating transcoder factory de.javakaffee.web.msm.serializer.javolution.JavolutionTranscoderFactory
五月 24, 2017 4:03:45 下午 de.javakaffee.web.msm.MemcachedSessionService startInternal
信息: MemcachedSessionService finished initialization, sticky true, with node ids [n1] and failover node ids []
五月 24, 2017 4:03:45 下午 org.apache.catalina.startup.HostConfig deployDirectory
信息: Deploying web application directory testSession
五月 24, 2017 4:03:45 下午 de.javakaffee.web.msm.MemcachedSessionService startInternal
信息: MemcachedSessionService starts initialization... (configured nodes definition n1:127.0.0.1:11211, failover nodes null)
五月 24, 2017 4:03:45 下午 de.javakaffee.web.msm.SessionTrackerValve <init>
信息: Setting ignorePattern to .*/.(png|gif|jpg|css|js)$
五月 24, 2017 4:03:45 下午 de.javakaffee.web.msm.MemcachedSessionService setLockingMode
信息: Setting lockingMode to null
五月 24, 2017 4:03:45 下午 de.javakaffee.web.msm.MemcachedSessionService createTranscoderFactory
信息: Creating transcoder factory de.javakaffee.web.msm.serializer.javolution.JavolutionTranscoderFactory
五月 24, 2017 4:03:45 下午 de.javakaffee.web.msm.MemcachedSessionService startInternal
信息: MemcachedSessionService finished initialization, sticky true, with node ids [n1] and failover node ids []
五月 24, 2017 4:03:45 下午 org.apache.coyote.http11.Http11AprProtocol start
信息: Starting Coyote HTTP/1.1 on http-28080
五月 24, 2017 4:03:45 下午 org.apache.coyote.ajp.AjpAprProtocol start
信息: Starting Coyote AJP/1.3 on ajp-28009
五月 24, 2017 4:03:45 下午 org.apache.catalina.startup.Catalina start
信息: Server startup in 1292 ms
五月 24, 2017 4:06:27 下午 org.apache.catalina.core.AprLifecycleListener init
信息: Loaded APR based Apache Tomcat Native library 1.1.32 using APR version 1.5.1.
五月 24, 2017 4:06:27 下午 org.apache.catalina.core.AprLifecycleListener init
信息: APR capabilities: IPv6 [true], sendfile [true], accept filters [false], random [true].
五月 24, 2017 4:06:28 下午 org.apache.catalina.core.AprLifecycleListener initializeSSL
信息: OpenSSL successfully initialized with version OpenSSL 1.0.1j 15 Oct 2014
五月 24, 2017 4:06:28 下午 org.apache.coyote.http11.Http11AprProtocol init
信息: Initializing Coyote HTTP/1.1 on http-28080
五月 24, 2017 4:06:28 下午 org.apache.coyote.ajp.AjpAprProtocol init
信息: Initializing Coyote AJP/1.3 on ajp-28009
五月 24, 2017 4:06:28 下午 org.apache.catalina.startup.Catalina load
信息: Initialization processed in 1237 ms
五月 24, 2017 4:06:28 下午 org.apache.catalina.core.StandardService start
信息: Starting service Catalina
五月 24, 2017 4:06:28 下午 org.apache.catalina.core.StandardEngine start
信息: Starting Servlet Engine: Apache Tomcat/6.0.43
五月 24, 2017 4:06:28 下午 org.apache.catalina.startup.HostConfig deployDescriptor
信息: Deploying configuration descriptor host-manager.xml
五月 24, 2017 4:06:28 下午 de.javakaffee.web.msm.MemcachedSessionService startInternal
信息: MemcachedSessionService starts initialization... (configured nodes definition n1:127.0.0.1:11211, failover nodes null)
五月 24, 2017 4:06:29 下午 de.javakaffee.web.msm.SessionTrackerValve <init>
信息: Setting ignorePattern to .*/.(png|gif|jpg|css|js)$
五月 24, 2017 4:06:29 下午 de.javakaffee.web.msm.MemcachedSessionService setLockingMode
信息: Setting lockingMode to null
五月 24, 2017 4:06:29 下午 de.javakaffee.web.msm.MemcachedSessionService createTranscoderFactory
信息: Creating transcoder factory de.javakaffee.web.msm.serializer.javolution.JavolutionTranscoderFactory
五月 24, 2017 4:06:29 下午 de.javakaffee.web.msm.MemcachedSessionService startInternal
信息: MemcachedSessionService finished initialization, sticky true, with node ids [n1] and failover node ids []
五月 24, 2017 4:06:29 下午 org.apache.catalina.startup.HostConfig deployDescriptor
信息: Deploying configuration descriptor manager.xml
五月 24, 2017 4:06:29 下午 de.javakaffee.web.msm.MemcachedSessionService startInternal
信息: MemcachedSessionService starts initialization... (configured nodes definition n1:127.0.0.1:11211, failover nodes null)
五月 24, 2017 4:06:29 下午 de.javakaffee.web.msm.SessionTrackerValve <init>
信息: Setting ignorePattern to .*/.(png|gif|jpg|css|js)$
五月 24, 2017 4:06:29 下午 de.javakaffee.web.msm.MemcachedSessionService setLockingMode
信息: Setting lockingMode to null
五月 24, 2017 4:06:29 下午 de.javakaffee.web.msm.MemcachedSessionService createTranscoderFactory
信息: Creating transcoder factory de.javakaffee.web.msm.serializer.javolution.JavolutionTranscoderFactory
五月 24, 2017 4:06:29 下午 de.javakaffee.web.msm.MemcachedSessionService startInternal
信息: MemcachedSessionService finished initialization, sticky true, with node ids [n1] and failover node ids []
五月 24, 2017 4:06:29 下午 org.apache.catalina.startup.HostConfig deployDirectory
信息: Deploying web application directory docs
五月 24, 2017 4:06:29 下午 de.javakaffee.web.msm.MemcachedSessionService startInternal
信息: MemcachedSessionService starts initialization... (configured nodes definition n1:127.0.0.1:11211, failover nodes null)
五月 24, 2017 4:06:29 下午 de.javakaffee.web.msm.SessionTrackerValve <init>
信息: Setting ignorePattern to .*/.(png|gif|jpg|css|js)$
五月 24, 2017 4:06:29 下午 de.javakaffee.web.msm.MemcachedSessionService setLockingMode
信息: Setting lockingMode to null
五月 24, 2017 4:06:29 下午 de.javakaffee.web.msm.MemcachedSessionService createTranscoderFactory
信息: Creating transcoder factory de.javakaffee.web.msm.serializer.javolution.JavolutionTranscoderFactory
五月 24, 2017 4:06:29 下午 de.javakaffee.web.msm.MemcachedSessionService startInternal
信息: MemcachedSessionService finished initialization, sticky true, with node ids [n1] and failover node ids []
五月 24, 2017 4:06:29 下午 org.apache.catalina.startup.HostConfig deployDirectory
信息: Deploying web application directory examples
五月 24, 2017 4:06:29 下午 de.javakaffee.web.msm.MemcachedSessionService startInternal
信息: MemcachedSessionService starts initialization... (configured nodes definition n1:127.0.0.1:11211, failover nodes null)
五月 24, 2017 4:06:29 下午 de.javakaffee.web.msm.SessionTrackerValve <init>
信息: Setting ignorePattern to .*/.(png|gif|jpg|css|js)$
五月 24, 2017 4:06:29 下午 de.javakaffee.web.msm.MemcachedSessionService setLockingMode
信息: Setting lockingMode to null
五月 24, 2017 4:06:29 下午 de.javakaffee.web.msm.MemcachedSessionService createTranscoderFactory
信息: Creating transcoder factory de.javakaffee.web.msm.serializer.javolution.JavolutionTranscoderFactory
五月 24, 2017 4:06:29 下午 de.javakaffee.web.msm.MemcachedSessionService startInternal
信息: MemcachedSessionService finished initialization, sticky true, with node ids [n1] and failover node ids []
五月 24, 2017 4:06:29 下午 org.apache.catalina.startup.HostConfig deployDirectory
信息: Deploying web application directory ROOT
五月 24, 2017 4:06:29 下午 de.javakaffee.web.msm.MemcachedSessionService startInternal
信息: MemcachedSessionService starts initialization... (configured nodes definition n1:127.0.0.1:11211, failover nodes null)
五月 24, 2017 4:06:29 下午 de.javakaffee.web.msm.SessionTrackerValve <init>
信息: Setting ignorePattern to .*/.(png|gif|jpg|css|js)$
五月 24, 2017 4:06:29 下午 de.javakaffee.web.msm.MemcachedSessionService setLockingMode
信息: Setting lockingMode to null
五月 24, 2017 4:06:29 下午 de.javakaffee.web.msm.MemcachedSessionService createTranscoderFactory
信息: Creating transcoder factory de.javakaffee.web.msm.serializer.javolution.JavolutionTranscoderFactory
五月 24, 2017 4:06:29 下午 de.javakaffee.web.msm.MemcachedSessionService startInternal
信息: MemcachedSessionService finished initialization, sticky true, with node ids [n1] and failover node ids []
五月 24, 2017 4:06:29 下午 org.apache.catalina.startup.HostConfig deployDirectory
信息: Deploying web application directory testSession
五月 24, 2017 4:06:29 下午 de.javakaffee.web.msm.MemcachedSessionService startInternal
信息: MemcachedSessionService starts initialization... (configured nodes definition n1:127.0.0.1:11211, failover nodes null)
五月 24, 2017 4:06:29 下午 de.javakaffee.web.msm.SessionTrackerValve <init>
信息: Setting ignorePattern to .*/.(png|gif|jpg|css|js)$
五月 24, 2017 4:06:29 下午 de.javakaffee.web.msm.MemcachedSessionService setLockingMode
信息: Setting lockingMode to null
五月 24, 2017 4:06:29 下午 de.javakaffee.web.msm.MemcachedSessionService createTranscoderFactory
信息: Creating transcoder factory de.javakaffee.web.msm.serializer.javolution.JavolutionTranscoderFactory
五月 24, 2017 4:06:29 下午 de.javakaffee.web.msm.MemcachedSessionService startInternal
信息: MemcachedSessionService finished initialization, sticky true, with node ids [n1] and failover node ids []
五月 24, 2017 4:06:29 下午 org.apache.coyote.http11.Http11AprProtocol start
信息: Starting Coyote HTTP/1.1 on http-28080
五月 24, 2017 4:06:29 下午 org.apache.coyote.ajp.AjpAprProtocol start
信息: Starting Coyote AJP/1.3 on ajp-28009
五月 24, 2017 4:06:29 下午 org.apache.catalina.startup.Catalina start
信息: Server startup in 1263 ms
五月 24, 2017 4:09:37 下午 org.apache.catalina.core.AprLifecycleListener init
信息: Loaded APR based Apache Tomcat Native library 1.1.32 using APR version 1.5.1.
五月 24, 2017 4:09:37 下午 org.apache.catalina.core.AprLifecycleListener init
信息: APR capabilities: IPv6 [true], sendfile [true], accept filters [false], random [true].
五月 24, 2017 4:09:38 下午 org.apache.catalina.core.AprLifecycleListener initializeSSL
信息: OpenSSL successfully initialized with version OpenSSL 1.0.1j 15 Oct 2014
五月 24, 2017 4:09:38 下午 org.apache.coyote.http11.Http11AprProtocol init
信息: Initializing Coyote HTTP/1.1 on http-28080
五月 24, 2017 4:09:38 下午 org.apache.coyote.ajp.AjpAprProtocol init
信息: Initializing Coyote AJP/1.3 on ajp-28009
五月 24, 2017 4:09:38 下午 org.apache.catalina.startup.Catalina load
信息: Initialization processed in 1301 ms
五月 24, 2017 4:09:38 下午 org.apache.catalina.core.StandardService start
信息: Starting service Catalina
五月 24, 2017 4:09:38 下午 org.apache.catalina.core.StandardEngine start
信息: Starting Servlet Engine: Apache Tomcat/6.0.43
五月 24, 2017 4:09:38 下午 org.apache.catalina.startup.HostConfig deployDescriptor
信息: Deploying configuration descriptor host-manager.xml
五月 24, 2017 4:09:39 下午 de.javakaffee.web.msm.MemcachedSessionService startInternal
信息: MemcachedSessionService starts initialization... (configured nodes definition n1:127.0.0.1:11211, failover nodes null)
五月 24, 2017 4:09:39 下午 de.javakaffee.web.msm.SessionTrackerValve <init>
信息: Setting ignorePattern to .*/.(png|gif|jpg|css|js)$
五月 24, 2017 4:09:39 下午 de.javakaffee.web.msm.MemcachedSessionService setLockingMode
信息: Setting lockingMode to null
五月 24, 2017 4:09:39 下午 de.javakaffee.web.msm.MemcachedSessionService createTranscoderFactory
信息: Creating transcoder factory de.javakaffee.web.msm.serializer.javolution.JavolutionTranscoderFactory
五月 24, 2017 4:09:39 下午 de.javakaffee.web.msm.MemcachedSessionService startInternal
信息: MemcachedSessionService finished initialization, sticky true, with node ids [n1] and failover node ids []
五月 24, 2017 4:09:39 下午 org.apache.catalina.startup.HostConfig deployDescriptor
信息: Deploying configuration descriptor manager.xml
五月 24, 2017 4:09:39 下午 de.javakaffee.web.msm.MemcachedSessionService startInternal
信息: MemcachedSessionService starts initialization... (configured nodes definition n1:127.0.0.1:11211, failover nodes null)
五月 24, 2017 4:09:39 下午 de.javakaffee.web.msm.SessionTrackerValve <init>
信息: Setting ignorePattern to .*/.(png|gif|jpg|css|js)$
五月 24, 2017 4:09:39 下午 de.javakaffee.web.msm.MemcachedSessionService setLockingMode
信息: Setting lockingMode to null
五月 24, 2017 4:09:39 下午 de.javakaffee.web.msm.MemcachedSessionService createTranscoderFactory
信息: Creating transcoder factory de.javakaffee.web.msm.serializer.javolution.JavolutionTranscoderFactory
五月 24, 2017 4:09:39 下午 de.javakaffee.web.msm.MemcachedSessionService startInternal
信息: MemcachedSessionService finished initialization, sticky true, with node ids [n1] and failover node ids []
五月 24, 2017 4:09:39 下午 org.apache.catalina.startup.HostConfig deployDirectory
信息: Deploying web application directory docs
五月 24, 2017 4:09:39 下午 de.javakaffee.web.msm.MemcachedSessionService startInternal
信息: MemcachedSessionService starts initialization... (configured nodes definition n1:127.0.0.1:11211, failover nodes null)
五月 24, 2017 4:09:39 下午 de.javakaffee.web.msm.SessionTrackerValve <init>
信息: Setting ignorePattern to .*/.(png|gif|jpg|css|js)$
五月 24, 2017 4:09:39 下午 de.javakaffee.web.msm.MemcachedSessionService setLockingMode
信息: Setting lockingMode to null
五月 24, 2017 4:09:39 下午 de.javakaffee.web.msm.MemcachedSessionService createTranscoderFactory
信息: Creating transcoder factory de.javakaffee.web.msm.serializer.javolution.JavolutionTranscoderFactory
五月 24, 2017 4:09:39 下午 de.javakaffee.web.msm.MemcachedSessionService startInternal
信息: MemcachedSessionService finished initialization, sticky true, with node ids [n1] and failover node ids []
五月 24, 2017 4:09:39 下午 org.apache.catalina.startup.HostConfig deployDirectory
信息: Deploying web application directory examples
五月 24, 2017 4:09:39 下午 de.javakaffee.web.msm.MemcachedSessionService startInternal
信息: MemcachedSessionService starts initialization... (configured nodes definition n1:127.0.0.1:11211, failover nodes null)
五月 24, 2017 4:09:39 下午 de.javakaffee.web.msm.SessionTrackerValve <init>
信息: Setting ignorePattern to .*/.(png|gif|jpg|css|js)$
五月 24, 2017 4:09:39 下午 de.javakaffee.web.msm.MemcachedSessionService setLockingMode
信息: Setting lockingMode to null
五月 24, 2017 4:09:39 下午 de.javakaffee.web.msm.MemcachedSessionService createTranscoderFactory
信息: Creating transcoder factory de.javakaffee.web.msm.serializer.javolution.JavolutionTranscoderFactory
五月 24, 2017 4:09:39 下午 de.javakaffee.web.msm.MemcachedSessionService startInternal
信息: MemcachedSessionService finished initialization, sticky true, with node ids [n1] and failover node ids []
五月 24, 2017 4:09:39 下午 org.apache.catalina.startup.HostConfig deployDirectory
信息: Deploying web application directory ROOT
五月 24, 2017 4:09:39 下午 de.javakaffee.web.msm.MemcachedSessionService startInternal
信息: MemcachedSessionService starts initialization... (configured nodes definition n1:127.0.0.1:11211, failover nodes null)
五月 24, 2017 4:09:39 下午 de.javakaffee.web.msm.SessionTrackerValve <init>
信息: Setting ignorePattern to .*/.(png|gif|jpg|css|js)$
五月 24, 2017 4:09:39 下午 de.javakaffee.web.msm.MemcachedSessionService setLockingMode
信息: Setting lockingMode to null
五月 24, 2017 4:09:39 下午 de.javakaffee.web.msm.MemcachedSessionService createTranscoderFactory
信息: Creating transcoder factory de.javakaffee.web.msm.serializer.javolution.JavolutionTranscoderFactory
五月 24, 2017 4:09:39 下午 de.javakaffee.web.msm.MemcachedSessionService startInternal
信息: MemcachedSessionService finished initialization, sticky true, with node ids [n1] and failover node ids []
五月 24, 2017 4:09:39 下午 org.apache.catalina.startup.HostConfig deployDirectory
信息: Deploying web application directory testSession
五月 24, 2017 4:09:39 下午 de.javakaffee.web.msm.MemcachedSessionService startInternal
信息: MemcachedSessionService starts initialization... (configured nodes definition n1:127.0.0.1:11211, failover nodes null)
五月 24, 2017 4:09:39 下午 de.javakaffee.web.msm.SessionTrackerValve <init>
信息: Setting ignorePattern to .*/.(png|gif|jpg|css|js)$
五月 24, 2017 4:09:39 下午 de.javakaffee.web.msm.MemcachedSessionService setLockingMode
信息: Setting lockingMode to null
五月 24, 2017 4:09:39 下午 de.javakaffee.web.msm.MemcachedSessionService createTranscoderFactory
信息: Creating transcoder factory de.javakaffee.web.msm.serializer.javolution.JavolutionTranscoderFactory
五月 24, 2017 4:09:39 下午 de.javakaffee.web.msm.MemcachedSessionService startInternal
信息: MemcachedSessionService finished initialization, sticky true, with node ids [n1] and failover node ids []
五月 24, 2017 4:09:39 下午 org.apache.coyote.http11.Http11AprProtocol start
信息: Starting Coyote HTTP/1.1 on http-28080
五月 24, 2017 4:09:39 下午 org.apache.coyote.ajp.AjpAprProtocol start
信息: Starting Coyote AJP/1.3 on ajp-28009
五月 24, 2017 4:09:39 下午 org.apache.catalina.startup.Catalina start
信息: Server startup in 1372 ms
